c:\users\bach\desktop\hin032_nguyenminhhieu\slimelink\release\slimelink.pch
c:\users\bach\desktop\hin032_nguyenminhhieu\slimelink\release\vc143.pdb
c:\users\bach\desktop\hin032_nguyenminhhieu\slimelink\release\stdafx.obj
c:\users\bach\desktop\hin032_nguyenminhhieu\slimelink\release\resourcemanager.obj
c:\users\bach\desktop\hin032_nguyenminhhieu\slimelink\release\player.obj
c:\users\bach\desktop\hin032_nguyenminhhieu\slimelink\release\picture.obj
c:\users\bach\desktop\hin032_nguyenminhhieu\slimelink\release\object.obj
c:\users\bach\desktop\hin032_nguyenminhhieu\slimelink\release\model.obj
c:\users\bach\desktop\hin032_nguyenminhhieu\slimelink\release\gspause.obj
c:\users\bach\desktop\hin032_nguyenminhhieu\slimelink\release\gsmenu.obj
c:\users\bach\desktop\hin032_nguyenminhhieu\slimelink\release\gslevelselect.obj
c:\users\bach\desktop\hin032_nguyenminhhieu\slimelink\release\gsplay.obj
c:\users\bach\desktop\hin032_nguyenminhhieu\slimelink\release\gsintro.obj
c:\users\bach\desktop\hin032_nguyenminhhieu\slimelink\release\gshelp.obj
c:\users\bach\desktop\hin032_nguyenminhhieu\slimelink\release\gscredit.obj
c:\users\bach\desktop\hin032_nguyenminhhieu\slimelink\release\gamestatemachine.obj
c:\users\bach\desktop\hin032_nguyenminhhieu\slimelink\release\gamestatebase.obj
c:\users\bach\desktop\hin032_nguyenminhhieu\slimelink\release\enemy.obj
c:\users\bach\desktop\hin032_nguyenminhhieu\slimelink\release\camera.obj
c:\users\bach\desktop\hin032_nguyenminhhieu\slimelink\release\button.obj
c:\users\bach\desktop\hin032_nguyenminhhieu\slimelink\release\audiomanager.obj
c:\users\bach\desktop\hin032_nguyenminhhieu\slimelink\release\audio.obj
c:\users\bach\desktop\hin032_nguyenminhhieu\slimelink\release\animation.obj
c:\users\bach\desktop\hin032_nguyenminhhieu\slimelink\release\slimelink.obj
c:\users\bach\desktop\hin032_nguyenminhhieu\slimelink\release\texture.obj
c:\users\bach\desktop\hin032_nguyenminhhieu\slimelink\release\stb.obj
c:\users\bach\desktop\hin032_nguyenminhhieu\slimelink\release\shaders.obj
c:\users\bach\desktop\hin032_nguyenminhhieu\slimelink\release\selectlevelbutton.obj
c:\users\bach\desktop\hin032_nguyenminhhieu\slimelink\release\scenemanager.obj
c:\users\bach\desktop\hin032_nguyenminhhieu\bin\slimelink.exe
c:\users\bach\desktop\hin032_nguyenminhhieu\slimelink\release\slimelink.ipdb
c:\users\bach\desktop\hin032_nguyenminhhieu\slimelink\release\slimelink.iobj
c:\users\bach\desktop\hin032_nguyenminhhieu\bin\slimelink.pdb
c:\users\bach\desktop\hin032_nguyenminhhieu\\bin\slimelink.pdb
c:\users\bach\desktop\hin032_nguyenminhhieu\slimelink\release\slimelink.tlog\cl.command.1.tlog
c:\users\bach\desktop\hin032_nguyenminhhieu\slimelink\release\slimelink.tlog\cl.items.tlog
c:\users\bach\desktop\hin032_nguyenminhhieu\slimelink\release\slimelink.tlog\cl.read.1.tlog
c:\users\bach\desktop\hin032_nguyenminhhieu\slimelink\release\slimelink.tlog\cl.write.1.tlog
c:\users\bach\desktop\hin032_nguyenminhhieu\slimelink\release\slimelink.tlog\link.command.1.tlog
c:\users\bach\desktop\hin032_nguyenminhhieu\slimelink\release\slimelink.tlog\link.read.1.tlog
c:\users\bach\desktop\hin032_nguyenminhhieu\slimelink\release\slimelink.tlog\link.write.1.tlog
